valgrind --leak-check=full ./gridtest
==12022== Memcheck, a memory error detector
==12022== Copyright (C) 2002-2017, and GNU GPL'd, by Julian Seward et al.
==12022== Using Valgrind-3.13.0 and LibVEX; rerun with -h for copyright info
==12022== Command: ./gridtest
==12022== 
invalid input for grid_find (10, 20)!
invalid input for grid_find (-4, 20)!
invalid input for grid_find (20000, 20)!
invalid input for grid_find (5, -10)!
invalid input for grid_find (4, 20000)!
invalid input for grid_replace!
invalid input for grid_replace!
invalid input for grid_replace!
invalid input for grid_replace!
invalid input for grid_replace!
Loading in big.txt...
Here is the map:
  +----------+                                                                   +----------+                                                     
  |..........|                 +---------+                                       |..........|                 +---------+                         
  |..........####              |.........|                +-------+      #########..........|                 |.........|                +-------+
  |..........|                 +-----#---+                |.......########       |..........|                 +-----#---+                |.......|
  +---------#+                       #              #######.......|              +---------#+                       #              #######.......|
            #                        #              #     +---#---+                        #                        #              #     +---#---+
            #  +-----------+         #     +--------#+        #                            #  +-----------+         #     +--------#+        #    
            ####...........##############  |.........|        #                            ####...........##############  |.........|        #    
               |...........|            #  |.........|        ##############################  |...........|            #  |.........|        #    
               +-----------+            ####.........|        #                               +-----------+            ####.........|        #    
                                           +----#----+        #                                                           +----#----+        #    
                                                #    +--------#--+                                                             #    +--------#--+ 
     +---------------------------------+        #    |...........|                  +---------------------------------+        #    |...........| 
     |.................................|        ######...........|                  |.................................|        ######...........| 
     |.................................|        #    |...........|                  |.................................|        #    |...........| 
     |......+---#-----------+..........|        #    |...........####################......+---------------+..........|        #    |...........| 
     |......|   #           |..........##########    +-----------+         #        |......|               |..........##########    +-----------+ 
     |......|   #           |..........|                                   #        |......|               |..........|     #                     
     |......|   #           |..........|                                   #        |......+---------------+..........|     #                     
     |......|   #           |..........|                                   #        |.................................|     #                     
     +------+   #           +----------+                                   #        +---------------------------------+     #                     
  +----------+  #                                                          #     +----------+                               #                     
  |..........|  #              +---------+                               #########..........|                 +---------+   #                     
  |..........####              |.........|                +-------+      #       |..........####              |.........#####            +-------+
  |..........|                 +-----#---+                |.......########       |..........|                 +-----#---+                |.......|
  +---------#+                       #              #######.......|              +---------#+                       #              #######.......|
            #                        #              #     +---#---+                        #                        #              #     +---#---+
            #  +-----------+         #     +--------#+        #                            #  +-----------+         #     +--------#+        #    
            ####...........##############  |.........|        #                            ####...........##############  |.........|        #    
               |...........|            #  |.........|        #                               |...........|            #  |.........|        #    
               +-----------+            ####.........|        #                               +-----------+            ####.........|        #    
                                           +----#----+        #                                                           +----#----+        #    
                                                #    +--------#--+                                                             #    +--------#--+ 
     +---------------------------------+        #    |...........|                  +---------------------------------+        #    |...........| 
     |.................................|        ######...........####################.................................|        ######...........| 
     |.................................|        #    |...........|                  |.................................|        #    |...........| 
     |......+---------------+..........|        #    |...........|                  |......+---------------+..........|        #    |...........| 
     |......|               |..........##########    +-----------+                  |......|               |..........##########    +-----------+ 
     |......|               |..........|                                            |......|               |..........|                           
     |......|               |..........|                    #########################......+---------------+..........|                           
     |......|               |..........######################                       |.................................|                           
     +------+               +----------+                                            +---------------------------------+                           

Size of map is x: 146, y: 42
Testing grid_find...
With NULL grid...
returned  
With negative x...
returned  
With large x...
returned  
With negative y...
returned  
With large y...
returned  
Valid request, should return '#'...
returned .
Testing grid_replace next...
With NULL grid...
With negative x...
With large x...
With negative y...
With large y...
Valid request...
printing map, should see an @ mark at (3,1)...
  +----------+                                                                   +----------+                                                     
  |@.........|                 +---------+                                       |..........|                 +---------+                         
  |..........####              |.........|                +-------+      #########..........|                 |.........|                +-------+
  |..........|                 +-----#---+                |.......########       |..........|                 +-----#---+                |.......|
  +---------#+                       #              #######.......|              +---------#+                       #              #######.......|
            #                        #              #     +---#---+                        #                        #              #     +---#---+
            #  +-----------+         #     +--------#+        #                            #  +-----------+         #     +--------#+        #    
            ####...........##############  |.........|        #                            ####...........##############  |.........|        #    
               |...........|            #  |.........|        ##############################  |...........|            #  |.........|        #    
               +-----------+            ####.........|        #                               +-----------+            ####.........|        #    
                                           +----#----+        #                        invalid input for grid_move!
invalid input for grid_move!
invalid input for grid_move!
invalid input for grid_move!
invalid input for grid_move!
                                   +----#----+        #    
                                                #    +--------#--+                                                             #    +--------#--+ 
     +---------------------------------+        #    |...........|                  +---------------------------------+        #    |...........| 
     |.................................|        ######...........|                  |.................................|        ######...........| 
     |.................................|        #    |...........|                  |.................................|        #    |...........| 
     |......+---#-----------+..........|        #    |...........####################......+---------------+..........|        #    |...........| 
     |......|   #           |..........##########    +-----------+         #        |......|               |..........##########    +-----------+ 
     |......|   #           |..........|                                   #        |......|               |..........|     #                     
     |......|   #           |..........|                                   #        |......+---------------+..........|     #                     
     |......|   #           |..........|                                   #        |.................................|     #                     
     +------+   #           +----------+                                   #        +---------------------------------+     #                     
  +----------+  #                                                          #     +----------+                               #                     
  |..........|  #              +---------+                               #########..........|                 +---------+   #                     
  |..........####              |.........|                +-------+      #       |..........####              |.........#####            +-------+
  |..........|                 +-----#---+                |.......########       |..........|                 +-----#---+                |.......|
  +---------#+                       #              #######.......|              +---------#+                       #              #######.......|
            #                        #              #     +---#---+                        #                        #              #     +---#---+
            #  +-----------+         #     +--------#+        #                            #  +-----------+         #     +--------#+        #    
            ####...........##############  |.........|        #                            ####...........##############  |.........|        #    
               |...........|            #  |.........|        #                               |...........|            #  |.........|        #    
               +-----------+            ####.........|        #                               +-----------+            ####.........|        #    
                                           +----#----+        #                                                           +----#----+        #    
                                                #    +--------#--+                                                             #    +--------#--+ 
     +---------------------------------+        #    |...........|                  +---------------------------------+        #    |...........| 
     |.................................|        ######...........####################.................................|        ######...........| 
     |.................................|        #    |...........|                  |.................................|        #    |...........| 
     |......+---------------+..........|        #    |...........|                  |......+---------------+..........|        #    |...........| 
     |......|               |..........##########    +-----------+                  |......|               |..........##########    +-----------+ 
     |......|               |..........|                                            |......|               |..........|                           
     |......|               |..........|                    #########################......+---------------+..........|                           
     |......|               |..........######################                       |.................................|                           
     +------+               +----------+                                            +---------------------------------+                           

Testing grid_move next...
With NULL grid...
With negative x...
With large x...
With negative y...
With large y...
Valid request...
printing map, @ mark should have move to (3,3)...
  +----------+                                                                   +----------+                                                     
  |..........|                 +---------+                                       |..........|                 +---------+                         
  |..........####              |.........|                +-------+      #########..........|                 |.........|                +-------+
  |@.........|                 +-----#---+                |.......########       |..........|                 +-----#---+                |.......|
  +---------#+                       #              #######.......|              +---------#+                       #              #######.......|
            #                        #              #     +---#---+                        #                        #              #     +---#---+
            #  +-----------+         #     +--------#+        #                            #  +-----------+         #     +--------#+        #    
            ####...........##############  |.........|        #                            ####...........##############  |.........|        #    
               |...........|            #  |.........|        ##############################  |...........|            #  |.........|        #    
               +-----------+            ####.........|        #                               +-----------+            ####.........|        #    
                                           +----#----+        #                                                           +----#----+        #    
                                                #    +--------#--+                                                             #    +--------#--+ 
     +---------------------------------+        #    |...........|                  +---------------------------------+        #    |...........| 
     |.................................|        ######...........|                  |.................................|        ######...........| 
     |.................................|        #    |...........|                  |.................................|        #    |...........| 
     |......+---#-----------+..........|        #    |...........####################......+---------------+..........|        #    |...........| 
     |......|   #           |..........##########    +-----------+         #        |......|               |..........##########    +-----------+ 
     |......|   #           |..........|                                   #        |......|               |..........|     #                     
     |......|   #           |..........|                                   #        |......+---------------+..........|     #                     
     |......|   #           |..........|                                   #        |.................................|     #                     
     +------+   #           +----------+                                   #        +---------------------------------+     #                     
  +----------+  #                                                          #     +----------+                               #                     
  |..........|  #              +---------+                               #########..........|                 +---------+   #                     
  |..........####              |.........|                +-------+      #       |..........####              |.........#####            +-------+
  |..........|                 +-----#---+                |.......########       |..........|                 +-----#---+                |.......|
  +---------#+                       #              #######.......|              +---------#+                       #              #######.......|
            #                        #              #     +---#---+                        #                        #              #     +---#---+
            #  +-----------+         #     +--------#+        #                            #  +-----------+         #     +--------#+        #    
            ####...........##############  |.........|        #                            ####...........##############  |.........|        #    
               |...........|            #  |.........|        #                               |...........|            #  |.........|        #    
               +-----------+            ####.........|        #                               +-----------+            ####.........|        #    
                                           +----#----+        #                                                           +----#----+        #    
                                                #    +--------#--+                                                             #    +--------#--+ 
     +---------------------------------+        #    |...........|                  +---------------------------------+        #    |...........| 
     |.................................|        ######...........####################.................................|        ######...........| 
     |.................................|        #    |...........|                  |.................................|        #    |...........| 
     |......+---------------+..........|        #    |...........|                  |......+---------------+..........|        #    |...........| 
     |......|               |..........##########    +-----------+                  |......|               |..........##########    +-----------+ 
     |......|               |..........|                                            |......|               |..........|                           
     |......|               |..........|                    #########################......+---------------+..........|                           
     |......|               |..........######################                       |.................................|                           
     +------+               +----------+                                            +---------------------------------+                           

test grid_toString as well...
  +----------+                                                                   +----------+                                                     
  |..........|                 +---------+                                       |..........|                 +---------+                         
  |..........####              |.........|                +-------+      #########..........|                 |.........|                +-------+
  |@.........|                 +-----#---+                |.......########       |..........|                 +-----#---+                |.......|
  +---------#+                       #              #######.......|              +---------#+                       #              #######.......|
            #                        #              #     +---#---+                        #                        #              #     +---#---+
            #  +-----------+         #     +--------#+        #                            #  +-----------+         #     +--------#+        #    
            ####...........##############  |.........|        #                            ####...........##############  |.........|        #    
               |...........|            #  |.........|        ##############################  |...........|            #  |.........|        #    
               +-----------+            ####.........|        #                               +-----------+            ####.........|        #    
                                           +----#----+        #                                                           +----#----+        #    
                                                #    +--------#--+                                                             #    +--------#--+ 
     +---------------------------------+        #    |...........|                  +---------------------------------+        #    |...........| 
     |.................................|        ######...........|                  |.................................|        ######...........| 
     |.................................|        #    |...........|                  |.................................|        #    |...........| 
     |......+---#-----------+..........|        #    |...........####################......+---------------+..........|        #    |...........| 
     |......|   #           |..........##########    +-----------+         #        |......|               |..........##########    +-----------+ 
     |......|   #           |..........|                                   #        |......|               |..........|     #                     
     |......|   #           |..........|                                   #        |......+---------------+..........|     #                     
     |......|   #           |..........|                                   #        |.................................|     #                     
     +------+   #           +----------+                                   #        +---------------------------------+     #                     
  +----------+  #                                                          #     +----------+                               #                     
  |..........|  #              +---------+                               #########..........|                 +---------+   #                     
  |..........####              |.........|                +-------+      #       |..........####              |.........#####            +-------+
  |..........|                 +-----#---+                |.......########       |..........|                 +-----#---+                |.......|
  +---------#+                       #              #######.......|              +---------#+                       #              #######.......|
            #                        #              #     +---#---+                        #                        #              #     +---#---+
            #  +-----------+         #     +--------#+        #                            #  +-----------+         #     +--------#+        #    
            ####...........##############  |.........|        #                            ####...........##############  |.........|        #    
               |...........|            #  |.........|        #                               |...........|            #  |.........|        #    
               +-----------+            ####.........|        #                               +-----------+            ####.........|        #    
                                           +----#----+        #                                                           +----#----+        #    
                                                #    +--------#--+                                                             #    +--------#--+ 
     +---------------------------------+        #    |...........|                  +---------------------------------+        #    |...........| 
     |.................................|        ######...........####################.................................|        ######...........| 
     |.................................|        #    |...........|                  |.................................|        #    |...........| 
     |......+---------------+..........|        #    |...........|                  |......+---------------+..........|        #    |...........| 
     |......|               |..........##########    +-----------+                  |......|               |..........##########    +-----------+ 
     |......|               |..........|                                            |......|               |..........|                           
     |......|               |..........|                    #########################......+---------------+..........|                           
     |......|               |..........######################                       |.................................|                           
     +------+               +----------+                                            +---------------------------------+                           

deleting grid...
==12022== 
==12022== HEAP SUMMARY:
==12022==     in use at exit: 0 bytes in 0 blocks
==12022==   total heap usage: 6,284 allocs, 6,284 frees, 49,226 bytes allocated
==12022== 
==12022== All heap blocks were freed -- no leaks are possible
==12022== 
==12022== For counts of detected and suppressed errors, rerun with: -v
==12022== ERROR SUMMARY: 0 errors from 0 contexts (suppressed: 0 from 0)
valgrind --leak-check=full ./visibility
==12023== Memcheck, a memory error detector
==12023== Copyright (C) 2002-2017, and GNU GPL'd, by Julian Seward et al.
==12023== Using Valgrind-3.13.0 and LibVEX; rerun with -h for copyright info
==12023== Command: ./visibility
==12023== 
Loading in challenge.txt...
showing visibility for (13, 5)...
                                                            
                                                            
                                                            
                                                            
           +----+                                           
           |. ..|                                           
           |....+                                           
           |.......                                         
           +----+..+--                                      
                  ...                                       
                   ----                                     
                                                            
                                                            
                                                            
                                                            
simulating move left by one...
                                                            
                                                            
                                                            
                                                            
           +----+                                           
           |....|                                           
           |....+                                           
           |........                                        
           +----+..+----                                    
                  ....                                      
                   -----                                    
                                                            
                                                            
                                                            
                                                            
simulating move down by one...
                                                            
                                                            
                                                            
                                                            
           +----+                                           
           |....|                                           
           |....+                                           
           |..........................|                     
           +----+..+------+--------+..|                     
                  .....                                     
                   -------                                  
                                                            
                                                            
                                                            
                                                            
Base map...
####+----------------------#------------------------------+ 
   #......................................................| 
   +------------------------------------#---------------+.| 
##############################################          |.| 
#          +----+                  #         ############.##
##         |....|                  #                    +-+ 
 #         |....+------------------#--+                     
 #         |..........................|                     
 #         +----+..+------+--------+..|                     
 #         |..............|...........|                     
##         |...+----------+------+..+-+                     
#          +#-+.......................|                     
#           ###...........+...........+                     
#           # +-----------+---------+#+                     
######################################                      

deleting grid...
==12023== 
==12023== HEAP SUMMARY:
==12023==     in use at exit: 4,240 bytes in 124 blocks
==12023==   total heap usage: 191 allocs, 67 frees, 31,384 bytes allocated
==12023== 
==12023== 1,464 (16 direct, 1,448 indirect) bytes in 1 blocks are definitely lost in loss record 4 of 6
==12023==    at 0x4C31B0F: malloc (in /usr/lib/valgrind/vgpreload_memcheck-amd64-linux.so)
==12023==    by 0x108EEA: grid_new (grid.c:65)
==12023==    by 0x108CCB: main (visibility.c:20)
==12023== 
==12023== 2,776 (16 direct, 2,760 indirect) bytes in 1 blocks are definitely lost in loss record 6 of 6
==12023==    at 0x4C31B0F: malloc (in /usr/lib/valgrind/vgpreload_memcheck-amd64-linux.so)
==12023==    by 0x10907A: grid_emptyNew (grid.c:116)
==12023==    by 0x108D2C: main (visibility.c:27)
==12023== 
==12023== LEAK SUMMARY:
==12023==    definitely lost: 32 bytes in 2 blocks
==12023==    indirectly lost: 4,208 bytes in 122 blocks
==12023==      possibly lost: 0 bytes in 0 blocks
==12023==    still reachable: 0 bytes in 0 blocks
==12023==         suppressed: 0 bytes in 0 blocks
==12023== 
==12023== For counts of detected and suppressed errors, rerun with: -v
==12023== ERROR SUMMARY: 2 errors from 2 contexts (suppressed: 0 from 0)
