Loading in challenge.txt...
Testing with NULL grids...
Testing with invalid coordinates...
showing visibility for (13, 5)...
                                                            
                                                            
                                                            
                                                            
           +----+                                           
           |. ..|                                           
           |....+                                           
           |.......                                         
           +----+..+--                                      
                  ...                                       
                   ----                                     
                                                            
                                                            
                                                            
                                                            
simulating move left by one...
                                                            
                                                            
                                                            
                                                            
           +----+                                           
           |....|                                           
           |....+                                           
           |........                                        
           +----+..+----                                    
                  ....                                      
                   -----                                    
                                                            
                                                            
                                                            
                                                            
simulating move down by one...
                                                            
                                                            
                                                            
                                                            
           +----+                                           
           |....|                                           
           |....+                                           
           |..........................|                     
           +----+..+------+--------+..|                     
                  .....                                     
                   -------                                  
                                                            
                                                            
                                                            
                                                            
Base map...
####+----------------------#------------------------------+ 
   #......................................................| 
   +------------------------------------#---------------+.| 
##############################################          |.| 
#          +----+                  #         ############.##
##         |....|                  #                    +-+ 
 #         |....+------------------#--+                     
 #         |..........................|                     
 #         +----+..+------+--------+..|                     
 #         |..............|...........|                     
##         |...+----------+------+..+-+                     
#          +#-+.......................|                     
#           ###...........+...........+                     
#           # +-----------+---------+#+                     
######################################                      

deleting grid...
